<?xml version="1.0" encoding="UTF-8"?>
<testsuite name="com.codetest.CalculateTheMortageTest" tests="1" skipped="0" failures="0" errors="0" timestamp="2022-02-10T11:17:12" hostname="Penguin" time="0.005">
  <properties/>
  <testcase name="testingTheMath" classname="com.codetest.CalculateTheMortageTest" time="0.005"/>
  <system-out><![CDATA[]]></system-out>
  <system-err><![CDATA[]]></system-err>
</testsuite>
